  BankSystem.cpp
C:\Users\aboar\ahmedshablakh\Bank-System\BankSystem\clsString.h(43,1): warning C4267: 'return': conversion from 'size_t' to 'short', possible loss of data
C:\Users\aboar\ahmedshablakh\Bank-System\BankSystem\clsString.h(48,1): warning C4267: 'return': conversion from 'size_t' to 'short', possible loss of data
C:\Users\aboar\ahmedshablakh\Bank-System\BankSystem\clsString.h(60,1): warning C4267: '=': conversion from 'size_t' to 'short', possible loss of data
C:\Users\aboar\ahmedshablakh\Bank-System\BankSystem\clsString.h(197,1): warning C4267: 'return': conversion from 'size_t' to 'short', possible loss of data
C:\Users\aboar\ahmedshablakh\Bank-System\BankSystem\clsString.h(328,1): warning C4267: '=': conversion from 'size_t' to 'short', possible loss of data
C:\Users\aboar\ahmedshablakh\Bank-System\BankSystem\clsString.h(376,1): warning C4267: 'initializing': conversion from 'size_t' to 'short', possible loss of data
C:\Users\aboar\ahmedshablakh\Bank-System\BankSystem\clsUtil.h(64,5): warning C4102: 'defualt': unreferenced label
C:\Users\aboar\ahmedshablakh\Bank-System\BankSystem\clsUser.h(199,5): warning C4240: nonstandard extension used: access to 'clsUser::stLoginRegisterRecord' now defined to be 'public', previously it was defined to be 'private'
C:\Users\aboar\ahmedshablakh\Bank-System\BankSystem\clsUser.h(26,12): message : see declaration of 'clsUser::stLoginRegisterRecord'
C:\Users\aboar\ahmedshablakh\Bank-System\BankSystem\clsInputValidate.h(110,16): warning C4244: 'initializing': conversion from 'double' to 'float', possible loss of data
C:\Users\aboar\ahmedshablakh\Bank-System\BankSystem\clsInputValidate.h(114,26): warning C4244: '=': conversion from 'double' to 'float', possible loss of data
C:\Users\aboar\ahmedshablakh\Bank-System\BankSystem\clsBankClient.h(207,5): warning C4240: nonstandard extension used: access to 'clsBankClient::stTrnsferLogRecord' now defined to be 'public', previously it was defined to be 'private'
C:\Users\aboar\ahmedshablakh\Bank-System\BankSystem\clsBankClient.h(152,12): message : see declaration of 'clsBankClient::stTrnsferLogRecord'
C:\Users\aboar\ahmedshablakh\Bank-System\BankSystem\clsBankClient.h(28,65): warning C4244: 'argument': conversion from 'double' to 'float', possible loss of data
C:\Users\aboar\ahmedshablakh\Bank-System\BankSystem\clsBankClient.h(162,39): warning C4244: '=': conversion from 'double' to 'float', possible loss of data
C:\Users\aboar\ahmedshablakh\Bank-System\BankSystem\clsBankClient.h(163,48): warning C4244: '=': conversion from 'double' to 'float', possible loss of data
C:\Users\aboar\ahmedshablakh\Bank-System\BankSystem\clsBankClient.h(164,49): warning C4244: '=': conversion from 'double' to 'float', possible loss of data
C:\Users\aboar\ahmedshablakh\Bank-System\BankSystem\clsBankClient.h(421,28): warning C4244: '+=': conversion from 'double' to 'float', possible loss of data
C:\Users\aboar\ahmedshablakh\Bank-System\BankSystem\clsBankClient.h(434,32): warning C4244: '-=': conversion from 'double' to 'float', possible loss of data
C:\Users\aboar\ahmedshablakh\Bank-System\BankSystem\clsClientListScreen.h(42,66): warning C4244: 'argument': conversion from 'double' to 'float', possible loss of data
C:\Users\aboar\ahmedshablakh\Bank-System\BankSystem\clsAddNewClientScreen.h(30,66): warning C4244: 'argument': conversion from 'double' to 'float', possible loss of data
C:\Users\aboar\ahmedshablakh\Bank-System\BankSystem\clsUpdateClientScreen.h(47,66): warning C4244: 'argument': conversion from 'double' to 'float', possible loss of data
C:\Users\aboar\ahmedshablakh\Bank-System\BankSystem\clsTotalBalancesScreen.h(57,82): warning C4244: 'argument': conversion from 'double' to 'int', possible loss of data
C:\Users\aboar\ahmedshablakh\Bank-System\BankSystem\clsTransferScreen.h(42,51): warning C4244: '=': conversion from 'double' to 'float', possible loss of data
C:\Users\aboar\ahmedshablakh\Bank-System\BankSystem\clsTransferScreen.h(47,53): warning C4244: '=': conversion from 'double' to 'float', possible loss of data
C:\Users\aboar\ahmedshablakh\Bank-System\BankSystem\clsCurrency.h(27,17): warning C4244: 'argument': conversion from 'double' to 'float', possible loss of data
C:\Users\aboar\ahmedshablakh\Bank-System\BankSystem\clsUpdateCurrencyRateScreen.h(17,52): warning C4244: '=': conversion from 'double' to 'float', possible loss of data
C:\Users\aboar\ahmedshablakh\Bank-System\BankSystem\clsCurrencyCalculatorScreen.h(17,51): warning C4244: '=': conversion from 'double' to 'float', possible loss of data
C:\Users\aboar\ahmedshablakh\Bank-System\BankSystem\clsBankClient.h(376): warning C4715: 'clsBankClient::Save': not all control paths return a value
C:\Users\aboar\ahmedshablakh\Bank-System\BankSystem\clsBankClient.h(438): warning C4715: 'clsBankClient::Withdraw': not all control paths return a value
C:\Users\aboar\ahmedshablakh\Bank-System\BankSystem\clsUser.h(360): warning C4715: 'clsUser::Save': not all control paths return a value
  BankSystem.vcxproj -> C:\Users\aboar\ahmedshablakh\Bank-System\x64\Debug\BankSystem.exe
